<?xml version="1.0" encoding="UTF-8"?>
<!-- Generated by org.testng.reporters.JUnitReportReporter -->
<testsuite hostname="pc-PC" name="com.qa.test.LoginPageTest" tests="2" failures="0" timestamp="3 Jul 2021 17:40:36 GMT" time="33.354" errors="0">
  <testcase name="VerifyUserLogin" time="17.522" classname="com.qa.test.LoginPageTest"/>
  <testcase name="VerifyLoginPageTitle" time="15.832" classname="com.qa.test.LoginPageTest"/>
</testsuite> <!-- com.qa.test.LoginPageTest -->
