<?xml version="1.0" encoding="UTF-8"?>
<!-- Generated by org.testng.reporters.JUnitReportReporter -->
<testsuite skipped="0" hostname="pc-PC" name="com.qa.test.LoginPageTest" tests="2" failures="0" timestamp="06 Jul 2021 08:11:32 GMT" time="40.764" errors="0">
  <testcase name="VerifyUserLogin" time="21.305" classname="com.qa.test.LoginPageTest"/>
  <testcase name="VerifyLoginPageTitle" time="19.459" classname="com.qa.test.LoginPageTest"/>
</testsuite> <!-- com.qa.test.LoginPageTest -->
